2017-04-20 15:01:46,863 [main] INFO  org.mule.module.launcher.application.DefaultMuleApplication - 
++++++++++++++++++++++++++++++++++++++++++++++++++++++++++++
+ Initializing app 'ex5.1_consume_restful_web_service'     +
++++++++++++++++++++++++++++++++++++++++++++++++++++++++++++
2017-04-20 15:01:47,102 [main] INFO  org.mule.lifecycle.AbstractLifecycleManager - Initialising RegistryBroker
2017-04-20 15:01:47,209 [main] INFO  org.mule.module.extension.internal.manager.DefaultExtensionManager - Starting discovery of extensions
2017-04-20 15:01:47,361 [main] INFO  org.mule.module.extension.internal.manager.DefaultExtensionManager - Discovered 1 extensions
2017-04-20 15:01:47,361 [main] INFO  org.mule.module.extension.internal.manager.DefaultExtensionManager - Registering extension validation (version 3.8)
2017-04-20 15:01:47,456 [main] INFO  org.mule.config.spring.MuleArtifactContext - Refreshing org.mule.config.spring.MuleArtifactContext@4f936da8: startup date [Thu Apr 20 15:01:47 CST 2017]; root of context hierarchy
2017-04-20 15:01:49,593 [main] INFO  org.mule.config.spring.processors.NoDevkitInjectorProcessor - JSR-330 'javax.inject.Inject' annotation found and supported for autowiring
2017-04-20 15:01:50,911 [main] WARN  org.mule.module.ognl.expression.OgnlExpressionEvaluator - OGNL module is deprecated and will be removed in Mule 4.0. Use MEL expressions instead.
2017-04-20 15:01:51,970 [main] INFO  org.mule.lifecycle.AbstractLifecycleManager - Initialising model: _muleSystemModel
2017-04-20 15:01:51,973 [main] INFO  org.mule.construct.FlowConstructLifecycleManager - Initialising flow: ex5.1_consume_restful_web_serviceFlow
2017-04-20 15:01:51,973 [main] INFO  org.mule.exception.DefaultMessagingExceptionStrategy - Initialising exception listener: org.mule.exception.DefaultMessagingExceptionStrategy@3df1a1ac
2017-04-20 15:01:52,049 [main] INFO  org.mule.processor.SedaStageLifecycleManager - Initialising service: ex5.1_consume_restful_web_serviceFlow.stage1
2017-04-20 15:01:52,091 [main] INFO  org.mule.util.journal.TransactionJournal - Using files for tx logs C:\Users\pdcwsx\AnypointStudio\workspace\.mule\.\.mule\ex5.1_consume_restful_web_service\queue-tx-log\tx1.log and C:\Users\pdcwsx\AnypointStudio\workspace\.mule\.\.mule\ex5.1_consume_restful_web_service\queue-tx-log\tx2.log
2017-04-20 15:01:52,115 [main] INFO  org.mule.util.journal.TransactionJournal - Using files for tx logs C:\Users\pdcwsx\AnypointStudio\workspace\.mule\.\.mule\ex5.1_consume_restful_web_service\queue-xa-tx-log\tx1.log and C:\Users\pdcwsx\AnypointStudio\workspace\.mule\.\.mule\ex5.1_consume_restful_web_service\queue-xa-tx-log\tx2.log
2017-04-20 15:01:53,589 [main] INFO  org.mule.config.spring.SpringXmlConfigurationBuilder - Configured Mule using "org.mule.config.spring.SpringXmlConfigurationBuilder" with configuration resource(s): "[ConfigResource{resourceName='C:\Users\pdcwsx\AnypointStudio\workspace\.mule\apps\ex5.1_consume_restful_web_service\ex5.1_consume_restful_web_service.xml'}]"
2017-04-20 15:01:53,589 [main] INFO  org.mule.config.builders.AutoConfigurationBuilder - Configured Mule using "org.mule.config.builders.AutoConfigurationBuilder" with configuration resource(s): "[ConfigResource{resourceName='C:\Users\pdcwsx\AnypointStudio\workspace\.mule\apps\ex5.1_consume_restful_web_service\ex5.1_consume_restful_web_service.xml'}]"
2017-04-20 15:01:56,694 [main] INFO  org.mule.module.launcher.application.DefaultMuleApplication - 
++++++++++++++++++++++++++++++++++++++++++++++++++++++++++++
+ Starting app 'ex5.1_consume_restful_web_service'         +
++++++++++++++++++++++++++++++++++++++++++++++++++++++++++++
2017-04-20 15:01:56,696 [main] INFO  org.mule.util.queue.QueueXaResourceManager - Starting ResourceManager
2017-04-20 15:01:56,696 [main] INFO  org.mule.util.queue.QueueXaResourceManager - Started ResourceManager
2017-04-20 15:01:56,838 [main] INFO  org.mule.module.http.internal.listener.DefaultHttpListenerConfig - Listening for requests on http://0.0.0.0:8088
2017-04-20 15:01:56,841 [main] INFO  org.mule.modules.oauth2.provider.agents.DefaultSplashScreenAgent - 
++++++++++++++++++++++++++++++++++++++++++++++++++++++++++++++++++++++++++++++++
+ DevKit Extensions (0) used in this application 
                             +
++++++++++++++++++++++++++++++++++++++++++++++++++++++++++++++++++++++++++++++++
2017-04-20 15:01:56,843 [main] INFO  org.mule.lifecycle.AbstractLifecycleManager - Starting model: _muleSystemModel
2017-04-20 15:01:56,845 [main] INFO  org.mule.construct.FlowConstructLifecycleManager - Starting flow: ex5.1_consume_restful_web_serviceFlow
2017-04-20 15:01:56,845 [main] INFO  org.mule.processor.SedaStageLifecycleManager - Starting service: ex5.1_consume_restful_web_serviceFlow.stage1
2017-04-20 15:01:56,928 [main] INFO  org.mule.module.management.agent.WrapperManagerAgent - This JVM hasn't been launched by the wrapper, the agent will not run.
2017-04-20 15:01:56,948 [main] INFO  org.mule.DefaultMuleContext - 
**********************************************************************
* Application: ex5.1_consume_restful_web_service                     *
* OS encoding: \, Mule encoding: UTF-8                               *
*                                                                    *
* Agents Running:                                                    *
*   DevKit Extension Information                                     *
*   Batch module default engine                                      *
*   JMX Agent                                                        *
*   Wrapper Manager                                                  *
**********************************************************************
2017-04-20 15:02:19,946 [[ex5.1_consume_restful_web_service].HTTP_Listener_Configuration.worker.01] INFO  org.mule.api.processor.LoggerMessageProcessor - 
org.mule.DefaultMuleMessage
{
  id=4b9a43e0-2597-11e7-81c8-561920524153
  payload=org.glassfish.grizzly.utils.BufferInputStream
  correlationId=<not set>
  correlationGroup=-1
  correlationSeq=-1
  encoding=GBK
  exceptionPayload=<not set>

Message properties:
  INVOCATION scoped properties:
  INBOUND scoped properties:
    content-type=text/plain
    date=Thu, 20 Apr 2017 07:02:19 GMT
    http.reason=OK
    http.status=200
    transfer-encoding=chunked
  OUTBOUND scoped properties:
  SESSION scoped properties:
}
2017-04-20 15:05:46,777 [main] INFO  org.mule.module.launcher.application.DefaultMuleApplication - 
++++++++++++++++++++++++++++++++++++++++++++++++++++++++++++
+ Initializing app 'ex5.1_consume_restful_web_service'     +
++++++++++++++++++++++++++++++++++++++++++++++++++++++++++++
2017-04-20 15:05:46,988 [main] INFO  org.mule.lifecycle.AbstractLifecycleManager - Initialising RegistryBroker
2017-04-20 15:05:47,106 [main] INFO  org.mule.module.extension.internal.manager.DefaultExtensionManager - Starting discovery of extensions
2017-04-20 15:05:47,249 [main] INFO  org.mule.module.extension.internal.manager.DefaultExtensionManager - Discovered 1 extensions
2017-04-20 15:05:47,249 [main] INFO  org.mule.module.extension.internal.manager.DefaultExtensionManager - Registering extension validation (version 3.8)
2017-04-20 15:05:47,332 [main] INFO  org.mule.config.spring.MuleArtifactContext - Refreshing org.mule.config.spring.MuleArtifactContext@4f936da8: startup date [Thu Apr 20 15:05:47 CST 2017]; root of context hierarchy
2017-04-20 15:05:49,219 [main] INFO  org.mule.config.spring.processors.NoDevkitInjectorProcessor - JSR-330 'javax.inject.Inject' annotation found and supported for autowiring
2017-04-20 15:05:50,129 [main] WARN  org.mule.module.ognl.expression.OgnlExpressionEvaluator - OGNL module is deprecated and will be removed in Mule 4.0. Use MEL expressions instead.
2017-04-20 15:05:50,844 [main] INFO  org.mule.lifecycle.AbstractLifecycleManager - Initialising model: _muleSystemModel
2017-04-20 15:05:50,849 [main] INFO  org.mule.construct.FlowConstructLifecycleManager - Initialising flow: ex5.1_consume_restful_web_serviceFlow
2017-04-20 15:05:50,850 [main] INFO  org.mule.exception.DefaultMessagingExceptionStrategy - Initialising exception listener: org.mule.exception.DefaultMessagingExceptionStrategy@6aa7b67f
2017-04-20 15:05:50,889 [main] INFO  org.mule.processor.SedaStageLifecycleManager - Initialising service: ex5.1_consume_restful_web_serviceFlow.stage1
2017-04-20 15:05:50,921 [main] INFO  org.mule.util.journal.TransactionJournal - Using files for tx logs C:\Users\pdcwsx\AnypointStudio\workspace\.mule\.\.mule\ex5.1_consume_restful_web_service\queue-tx-log\tx1.log and C:\Users\pdcwsx\AnypointStudio\workspace\.mule\.\.mule\ex5.1_consume_restful_web_service\queue-tx-log\tx2.log
2017-04-20 15:05:50,935 [main] INFO  org.mule.util.journal.TransactionJournal - Using files for tx logs C:\Users\pdcwsx\AnypointStudio\workspace\.mule\.\.mule\ex5.1_consume_restful_web_service\queue-xa-tx-log\tx1.log and C:\Users\pdcwsx\AnypointStudio\workspace\.mule\.\.mule\ex5.1_consume_restful_web_service\queue-xa-tx-log\tx2.log
2017-04-20 15:05:51,636 [main] INFO  org.mule.config.spring.SpringXmlConfigurationBuilder - Configured Mule using "org.mule.config.spring.SpringXmlConfigurationBuilder" with configuration resource(s): "[ConfigResource{resourceName='C:\Users\pdcwsx\AnypointStudio\workspace\.mule\apps\ex5.1_consume_restful_web_service\ex5.1_consume_restful_web_service.xml'}]"
2017-04-20 15:05:51,636 [main] INFO  org.mule.config.builders.AutoConfigurationBuilder - Configured Mule using "org.mule.config.builders.AutoConfigurationBuilder" with configuration resource(s): "[ConfigResource{resourceName='C:\Users\pdcwsx\AnypointStudio\workspace\.mule\apps\ex5.1_consume_restful_web_service\ex5.1_consume_restful_web_service.xml'}]"
2017-04-20 15:05:54,658 [main] INFO  org.mule.module.launcher.application.DefaultMuleApplication - 
++++++++++++++++++++++++++++++++++++++++++++++++++++++++++++
+ Starting app 'ex5.1_consume_restful_web_service'         +
++++++++++++++++++++++++++++++++++++++++++++++++++++++++++++
2017-04-20 15:05:54,660 [main] INFO  org.mule.util.queue.QueueXaResourceManager - Starting ResourceManager
2017-04-20 15:05:54,660 [main] INFO  org.mule.util.queue.QueueXaResourceManager - Started ResourceManager
2017-04-20 15:05:54,725 [main] INFO  org.mule.module.http.internal.listener.DefaultHttpListenerConfig - Listening for requests on http://0.0.0.0:8088
2017-04-20 15:05:54,728 [main] INFO  org.mule.modules.oauth2.provider.agents.DefaultSplashScreenAgent - 
++++++++++++++++++++++++++++++++++++++++++++++++++++++++++++++++++++++++++++++++
+ DevKit Extensions (0) used in this application 
                             +
++++++++++++++++++++++++++++++++++++++++++++++++++++++++++++++++++++++++++++++++
2017-04-20 15:05:54,731 [main] INFO  org.mule.lifecycle.AbstractLifecycleManager - Starting model: _muleSystemModel
2017-04-20 15:05:54,733 [main] INFO  org.mule.construct.FlowConstructLifecycleManager - Starting flow: ex5.1_consume_restful_web_serviceFlow
2017-04-20 15:05:54,734 [main] INFO  org.mule.processor.SedaStageLifecycleManager - Starting service: ex5.1_consume_restful_web_serviceFlow.stage1
2017-04-20 15:05:54,791 [main] INFO  org.mule.module.management.agent.WrapperManagerAgent - This JVM hasn't been launched by the wrapper, the agent will not run.
2017-04-20 15:05:54,818 [main] INFO  org.mule.DefaultMuleContext - 
**********************************************************************
* Application: ex5.1_consume_restful_web_service                     *
* OS encoding: \, Mule encoding: UTF-8                               *
*                                                                    *
* Agents Running:                                                    *
*   DevKit Extension Information                                     *
*   Batch module default engine                                      *
*   JMX Agent                                                        *
*   Wrapper Manager                                                  *
**********************************************************************
2017-04-20 15:05:58,542 [[ex5.1_consume_restful_web_service].HTTP_Listener_Configuration.worker.01] INFO  org.mule.api.processor.LoggerMessageProcessor - 
org.mule.DefaultMuleMessage
{
  id=cdfa93d0-2597-11e7-83e7-561920524153
  payload=org.glassfish.grizzly.utils.BufferInputStream
  correlationId=<not set>
  correlationGroup=-1
  correlationSeq=-1
  encoding=GBK
  exceptionPayload=<not set>

Message properties:
  INVOCATION scoped properties:
  INBOUND scoped properties:
    content-type=text/plain
    date=Thu, 20 Apr 2017 07:05:58 GMT
    http.reason=OK
    http.status=200
    transfer-encoding=chunked
  OUTBOUND scoped properties:
  SESSION scoped properties:
}
2017-04-20 15:10:31,205 [main] INFO  org.mule.module.launcher.application.DefaultMuleApplication - 
++++++++++++++++++++++++++++++++++++++++++++++++++++++++++++
+ Initializing app 'ex5.1_consume_restful_web_service'     +
++++++++++++++++++++++++++++++++++++++++++++++++++++++++++++
2017-04-20 15:10:31,421 [main] INFO  org.mule.lifecycle.AbstractLifecycleManager - Initialising RegistryBroker
2017-04-20 15:10:31,528 [main] INFO  org.mule.module.extension.internal.manager.DefaultExtensionManager - Starting discovery of extensions
2017-04-20 15:10:31,673 [main] INFO  org.mule.module.extension.internal.manager.DefaultExtensionManager - Discovered 1 extensions
2017-04-20 15:10:31,673 [main] INFO  org.mule.module.extension.internal.manager.DefaultExtensionManager - Registering extension validation (version 3.8)
2017-04-20 15:10:31,788 [main] INFO  org.mule.config.spring.MuleArtifactContext - Refreshing org.mule.config.spring.MuleArtifactContext@4f936da8: startup date [Thu Apr 20 15:10:31 CST 2017]; root of context hierarchy
2017-04-20 15:10:33,889 [main] INFO  org.mule.config.spring.processors.NoDevkitInjectorProcessor - JSR-330 'javax.inject.Inject' annotation found and supported for autowiring
2017-04-20 15:10:34,808 [main] WARN  org.mule.module.ognl.expression.OgnlExpressionEvaluator - OGNL module is deprecated and will be removed in Mule 4.0. Use MEL expressions instead.
2017-04-20 15:10:35,481 [main] INFO  org.mule.lifecycle.AbstractLifecycleManager - Initialising model: _muleSystemModel
2017-04-20 15:10:35,486 [main] INFO  org.mule.construct.FlowConstructLifecycleManager - Initialising flow: ex5.1_consume_restful_web_serviceFlow
2017-04-20 15:10:35,486 [main] INFO  org.mule.exception.DefaultMessagingExceptionStrategy - Initialising exception listener: org.mule.exception.DefaultMessagingExceptionStrategy@61514735
2017-04-20 15:10:35,521 [main] INFO  org.mule.processor.SedaStageLifecycleManager - Initialising service: ex5.1_consume_restful_web_serviceFlow.stage1
2017-04-20 15:10:35,554 [main] INFO  org.mule.util.journal.TransactionJournal - Using files for tx logs C:\Users\pdcwsx\AnypointStudio\workspace\.mule\.\.mule\ex5.1_consume_restful_web_service\queue-tx-log\tx1.log and C:\Users\pdcwsx\AnypointStudio\workspace\.mule\.\.mule\ex5.1_consume_restful_web_service\queue-tx-log\tx2.log
2017-04-20 15:10:35,569 [main] INFO  org.mule.util.journal.TransactionJournal - Using files for tx logs C:\Users\pdcwsx\AnypointStudio\workspace\.mule\.\.mule\ex5.1_consume_restful_web_service\queue-xa-tx-log\tx1.log and C:\Users\pdcwsx\AnypointStudio\workspace\.mule\.\.mule\ex5.1_consume_restful_web_service\queue-xa-tx-log\tx2.log
2017-04-20 15:10:36,264 [main] INFO  org.mule.config.spring.SpringXmlConfigurationBuilder - Configured Mule using "org.mule.config.spring.SpringXmlConfigurationBuilder" with configuration resource(s): "[ConfigResource{resourceName='C:\Users\pdcwsx\AnypointStudio\workspace\.mule\apps\ex5.1_consume_restful_web_service\ex5.1_consume_restful_web_service.xml'}]"
2017-04-20 15:10:36,264 [main] INFO  org.mule.config.builders.AutoConfigurationBuilder - Configured Mule using "org.mule.config.builders.AutoConfigurationBuilder" with configuration resource(s): "[ConfigResource{resourceName='C:\Users\pdcwsx\AnypointStudio\workspace\.mule\apps\ex5.1_consume_restful_web_service\ex5.1_consume_restful_web_service.xml'}]"
2017-04-20 15:10:39,288 [main] INFO  org.mule.module.launcher.application.DefaultMuleApplication - 
++++++++++++++++++++++++++++++++++++++++++++++++++++++++++++
+ Starting app 'ex5.1_consume_restful_web_service'         +
++++++++++++++++++++++++++++++++++++++++++++++++++++++++++++
2017-04-20 15:10:39,291 [main] INFO  org.mule.util.queue.QueueXaResourceManager - Starting ResourceManager
2017-04-20 15:10:39,291 [main] INFO  org.mule.util.queue.QueueXaResourceManager - Started ResourceManager
2017-04-20 15:10:39,367 [main] INFO  org.mule.module.http.internal.listener.DefaultHttpListenerConfig - Listening for requests on http://0.0.0.0:8088
2017-04-20 15:10:39,369 [main] INFO  org.mule.modules.oauth2.provider.agents.DefaultSplashScreenAgent - 
++++++++++++++++++++++++++++++++++++++++++++++++++++++++++++++++++++++++++++++++
+ DevKit Extensions (0) used in this application 
                             +
++++++++++++++++++++++++++++++++++++++++++++++++++++++++++++++++++++++++++++++++
2017-04-20 15:10:39,372 [main] INFO  org.mule.lifecycle.AbstractLifecycleManager - Starting model: _muleSystemModel
2017-04-20 15:10:39,374 [main] INFO  org.mule.construct.FlowConstructLifecycleManager - Starting flow: ex5.1_consume_restful_web_serviceFlow
2017-04-20 15:10:39,375 [main] INFO  org.mule.processor.SedaStageLifecycleManager - Starting service: ex5.1_consume_restful_web_serviceFlow.stage1
2017-04-20 15:10:39,436 [main] INFO  org.mule.module.management.agent.WrapperManagerAgent - This JVM hasn't been launched by the wrapper, the agent will not run.
2017-04-20 15:10:39,464 [main] INFO  org.mule.DefaultMuleContext - 
**********************************************************************
* Application: ex5.1_consume_restful_web_service                     *
* OS encoding: \, Mule encoding: UTF-8                               *
*                                                                    *
* Agents Running:                                                    *
*   DevKit Extension Information                                     *
*   Batch module default engine                                      *
*   JMX Agent                                                        *
*   Wrapper Manager                                                  *
**********************************************************************
2017-04-20 15:10:58,919 [[ex5.1_consume_restful_web_service].HTTP_Listener_Configuration.worker.01] INFO  org.mule.api.processor.LoggerMessageProcessor - 
org.mule.DefaultMuleMessage
{
  id=810059b0-2598-11e7-aa76-561920524153
  payload=org.glassfish.grizzly.utils.BufferInputStream
  correlationId=<not set>
  correlationGroup=-1
  correlationSeq=-1
  encoding=GBK
  exceptionPayload=<not set>

Message properties:
  INVOCATION scoped properties:
    requestName=Rock
  INBOUND scoped properties:
    content-type=text/plain
    date=Thu, 20 Apr 2017 07:10:58 GMT
    http.reason=OK
    http.status=200
    transfer-encoding=chunked
  OUTBOUND scoped properties:
  SESSION scoped properties:
}
2017-04-20 15:11:27,178 [[ex5.1_consume_restful_web_service].HTTP_Listener_Configuration.worker.01] ERROR org.mule.exception.DefaultMessagingExceptionStrategy - 
********************************************************************************
Message               : Expression {name} evaluated to null. (java.lang.NullPointerException).
Payload               : {NullPayload}
Payload Type          : org.mule.transport.NullPayload
Element               : /ex5.1_consume_restful_web_serviceFlow/processors/1 @ ex5.1_consume_restful_web_service:ex5.1_consume_restful_web_service.xml:14 (Hello REST Request)
Element XML           : <http:request config-ref="HTTP_Request_Configuration" path="/helloworld/{name}" method="GET" doc:name="Hello REST Request">
                        <http:request-builder>
                        <http:uri-param paramName="name" value="#[flowVars.requestName]"></http:uri-param>
                        </http:request-builder>
                        </http:request>
--------------------------------------------------------------------------------
Root Exception stack trace:
java.lang.NullPointerException: Expression {name} evaluated to null.
	at org.mule.module.http.internal.request.HttpRequesterRequestBuilder.replaceUriParams(HttpRequesterRequestBuilder.java:42)
	at org.mule.module.http.internal.request.DefaultHttpRequester.replaceUriParams(DefaultHttpRequester.java:427)
	at org.mule.module.http.internal.request.DefaultHttpRequester.resolveURI(DefaultHttpRequester.java:406)
	at org.mule.module.http.internal.request.DefaultHttpRequester.createHttpRequest(DefaultHttpRequester.java:366)
	at org.mule.module.http.internal.request.DefaultHttpRequester.innerProcess(DefaultHttpRequester.java:320)
	at org.mule.module.http.internal.request.DefaultHttpRequester.processBlocking(DefaultHttpRequester.java:217)
	at org.mule.processor.AbstractNonBlockingMessageProcessor.process(AbstractNonBlockingMessageProcessor.java:43)
	at org.mule.execution.ExceptionToMessagingExceptionExecutionInterceptor.execute(ExceptionToMessagingExceptionExecutionInterceptor.java:27)
	at org.mule.execution.MessageProcessorNotificationExecutionInterceptor.execute(MessageProcessorNotificationExecutionInterceptor.java:108)
	at org.mule.execution.MessageProcessorExecutionTemplate.execute(MessageProcessorExecutionTemplate.java:44)
	at org.mule.processor.BlockingProcessorExecutor.executeNext(BlockingProcessorExecutor.java:88)
	at org.mule.processor.BlockingProcessorExecutor.execute(BlockingProcessorExecutor.java:59)
	at org.mule.execution.ExceptionToMessagingExceptionExecutionInterceptor.execute(ExceptionToMessagingExceptionExecutionInterceptor.java:27)
	at org.mule.execution.MessageProcessorExecutionTemplate.execute(MessageProcessorExecutionTemplate.java:44)
	at org.mule.processor.BlockingProcessorExecutor.executeNext(BlockingProcessorExecutor.java:98)
	at org.mule.processor.BlockingProcessorExecutor.execute(BlockingProcessorExecutor.java:59)
	at org.mule.processor.AsyncInterceptingMessageProcessor.process(AsyncInterceptingMessageProcessor.java:102)
	at org.mule.execution.ExceptionToMessagingExceptionExecutionInterceptor.execute(ExceptionToMessagingExceptionExecutionInterceptor.java:27)
	at org.mule.execution.MessageProcessorNotificationExecutionInterceptor.execute(MessageProcessorNotificationExecutionInterceptor.java:108)
	at org.mule.execution.MessageProcessorExecutionTemplate.execute(MessageProcessorExecutionTemplate.java:44)
	at org.mule.processor.BlockingProcessorExecutor.executeNext(BlockingProcessorExecutor.java:98)
	at org.mule.processor.BlockingProcessorExecutor.execute(BlockingProcessorExecutor.java:59)
	at org.mule.construct.DynamicPipelineMessageProcessor.process(DynamicPipelineMessageProcessor.java:55)
	at org.mule.execution.ExceptionToMessagingExceptionExecutionInterceptor.execute(ExceptionToMessagingExceptionExecutionInterceptor.java:27)
	at org.mule.execution.MessageProcessorNotificationExecutionInterceptor.execute(MessageProcessorNotificationExecutionInterceptor.java:108)
	at org.mule.execution.MessageProcessorExecutionTemplate.execute(MessageProcessorExecutionTemplate.java:44)
	at org.mule.processor.BlockingProcessorExecutor.executeNext(BlockingProcessorExecutor.java:88)
	at org.mule.processor.BlockingProcessorExecutor.execute(BlockingProcessorExecutor.java:59)
	at org.mule.execution.ExceptionToMessagingExceptionExecutionInterceptor.execute(ExceptionToMessagingExceptionExecutionInterceptor.java:27)
	at org.mule.execution.MessageProcessorExecutionTemplate.execute(MessageProcessorExecutionTemplate.java:44)
	at org.mule.processor.BlockingProcessorExecutor.executeNext(BlockingProcessorExecutor.java:98)
	at org.mule.processor.BlockingProcessorExecutor.execute(BlockingProcessorExecutor.java:59)
	at org.mule.interceptor.AbstractEnvelopeInterceptor.processBlocking(AbstractEnvelopeInterceptor.java:58)
	at org.mule.processor.AbstractRequestResponseMessageProcessor.process(AbstractRequestResponseMessageProcessor.java:47)
	at org.mule.execution.ExceptionToMessagingExceptionExecutionInterceptor.execute(ExceptionToMessagingExceptionExecutionInterceptor.java:27)
	at org.mule.execution.MessageProcessorNotificationExecutionInterceptor.execute(MessageProcessorNotificationExecutionInterceptor.java:108)
	at org.mule.execution.MessageProcessorExecutionTemplate.execute(MessageProcessorExecutionTemplate.java:44)
	at org.mule.processor.BlockingProcessorExecutor.executeNext(BlockingProcessorExecutor.java:98)
	at org.mule.processor.BlockingProcessorExecutor.execute(BlockingProcessorExecutor.java:59)
	at org.mule.processor.AbstractFilteringMessageProcessor.process(AbstractFilteringMessageProcessor.java:52)
	at org.mule.execution.ExceptionToMessagingExceptionExecutionInterceptor.execute(ExceptionToMessagingExceptionExecutionInterceptor.java:27)
	at org.mule.execution.MessageProcessorNotificationExecutionInterceptor.execute(MessageProcessorNotificationExecutionInterceptor.java:108)
	at org.mule.execution.MessageProcessorExecutionTemplate.execute(MessageProcessorExecutionTemplate.java:44)
	at org.mule.processor.BlockingProcessorExecutor.executeNext(BlockingProcessorExecutor.java:98)
	at org.mule.processor.BlockingProcessorExecutor.execute(BlockingProcessorExecutor.java:59)
	at org.mule.processor.AbstractRequestResponseMessageProcessor.processBlocking(AbstractRequestResponseMessageProcessor.java:56)
	at org.mule.processor.AbstractRequestResponseMessageProcessor.process(AbstractRequestResponseMessageProcessor.java:47)
	at org.mule.execution.ExceptionToMessagingExceptionExecutionInterceptor.execute(ExceptionToMessagingExceptionExecutionInterceptor.java:27)
	at org.mule.execution.MessageProcessorNotificationExecutionInterceptor.execute(MessageProcessorNotificationExecutionInterceptor.java:108)
	at org.mule.execution.MessageProcessorExecutionTemplate.execute(MessageProcessorExecutionTemplate.java:44)
	at org.mule.processor.BlockingProcessorExecutor.executeNext(BlockingProcessorExecutor.java:88)
	at org.mule.processor.BlockingProcessorExecutor.execute(BlockingProcessorExecutor.java:59)
	at org.mule.execution.ExceptionToMessagingExceptionExecutionInterceptor.execute(ExceptionToMessagingExceptionExecutionInterceptor.java:27)
	at org.mule.execution.MessageProcessorNotificationExecutionInterceptor.execute(MessageProcessorNotificationExecutionInterceptor.java:108)
	at org.mule.execution.MessageProcessorExecutionTemplate.execute(MessageProcessorExecutionTemplate.java:44)
	at org.mule.construct.AbstractPipeline$3.process(AbstractPipeline.java:232)
	at org.mule.module.http.internal.listener.HttpMessageProcessorTemplate.routeEvent(HttpMessageProcessorTemplate.java:73)
	at org.mule.execution.AsyncResponseFlowProcessingPhase$1.process(AsyncResponseFlowProcessingPhase.java:72)
	at org.mule.execution.AsyncResponseFlowProcessingPhase$1.process(AsyncResponseFlowProcessingPhase.java:59)
	at org.mule.execution.ExecuteCallbackInterceptor.execute(ExecuteCallbackInterceptor.java:16)
	at org.mule.execution.CommitTransactionInterceptor.execute(CommitTransactionInterceptor.java:35)
	at org.mule.execution.CommitTransactionInterceptor.execute(CommitTransactionInterceptor.java:22)
	at org.mule.execution.HandleExceptionInterceptor.execute(HandleExceptionInterceptor.java:30)
	at org.mule.execution.HandleExceptionInterceptor.execute(HandleExceptionInterceptor.java:14)
	at org.mule.execution.BeginAndResolveTransactionInterceptor.execute(BeginAndResolveTransactionInterceptor.java:67)
	at org.mule.execution.ResolvePreviousTransactionInterceptor.execute(ResolvePreviousTransactionInterceptor.java:44)
	at org.mule.execution.SuspendXaTransactionInterceptor.execute(SuspendXaTransactionInterceptor.java:50)
	at org.mule.execution.ValidateTransactionalStateInterceptor.execute(ValidateTransactionalStateInterceptor.java:40)
	at org.mule.execution.IsolateCurrentTransactionInterceptor.execute(IsolateCurrentTransactionInterceptor.java:41)
	at org.mule.execution.ExternalTransactionInterceptor.execute(ExternalTransactionInterceptor.java:48)
	at org.mule.execution.RethrowExceptionInterceptor.execute(RethrowExceptionInterceptor.java:28)
	at org.mule.execution.RethrowExceptionInterceptor.execute(RethrowExceptionInterceptor.java:13)
	at org.mule.execution.TransactionalErrorHandlingExecutionTemplate.execute(TransactionalErrorHandlingExecutionTemplate.java:110)
	at org.mule.execution.AsyncResponseFlowProcessingPhase.runPhase(AsyncResponseFlowProcessingPhase.java:58)
	at org.mule.execution.AsyncResponseFlowProcessingPhase.runPhase(AsyncResponseFlowProcessingPhase.java:35)
	at org.mule.execution.PhaseExecutionEngine$InternalPhaseExecutionEngine.phaseSuccessfully(PhaseExecutionEngine.java:65)
	at org.mule.execution.PhaseExecutionEngine$InternalPhaseExecutionEngine.phaseSuccessfully(PhaseExecutionEngine.java:69)
	at com.mulesoft.mule.throttling.ThrottlingPhase.runPhase(ThrottlingPhase.java:186)
	at com.mulesoft.mule.throttling.ThrottlingPhase.runPhase(ThrottlingPhase.java:57)
	at org.mule.execution.PhaseExecutionEngine$InternalPhaseExecutionEngine.phaseSuccessfully(PhaseExecutionEngine.java:65)
	at com.mulesoft.gateway.http.phases.GatewayValidationPhase.runPhase(GatewayValidationPhase.java:93)
	at com.mulesoft.gateway.http.phases.GatewayValidationPhase.runPhase(GatewayValidationPhase.java:49)
	at org.mule.execution.PhaseExecutionEngine$InternalPhaseExecutionEngine.phaseSuccessfully(PhaseExecutionEngine.java:65)
	at org.mule.modules.cors.CorsPhase.runPhase(CorsPhase.java:113)
	at org.mule.modules.cors.CorsPhase.runPhase(CorsPhase.java:40)
	at org.mule.execution.PhaseExecutionEngine$InternalPhaseExecutionEngine.process(PhaseExecutionEngine.java:114)
	at org.mule.execution.PhaseExecutionEngine.process(PhaseExecutionEngine.java:41)
	at org.mule.execution.MuleMessageProcessingManager.processMessage(MuleMessageProcessingManager.java:32)
	at org.mule.module.http.internal.listener.DefaultHttpListener$1.handleRequest(DefaultHttpListener.java:133)
	at org.mule.module.http.internal.listener.grizzly.GrizzlyRequestDispatcherFilter.handleRead(GrizzlyRequestDispatcherFilter.java:83)
	at org.glassfish.grizzly.filterchain.ExecutorResolver$9.execute(ExecutorResolver.java:119)
	at org.glassfish.grizzly.filterchain.DefaultFilterChain.executeFilter(DefaultFilterChain.java:284)
	at org.glassfish.grizzly.filterchain.DefaultFilterChain.executeChainPart(DefaultFilterChain.java:201)
	at org.glassfish.grizzly.filterchain.DefaultFilterChain.execute(DefaultFilterChain.java:133)
	at org.glassfish.grizzly.filterchain.DefaultFilterChain.process(DefaultFilterChain.java:112)
	at org.glassfish.grizzly.ProcessorExecutor.execute(ProcessorExecutor.java:77)
	at org.glassfish.grizzly.nio.transport.TCPNIOTransport.fireIOEvent(TCPNIOTransport.java:526)
	at org.glassfish.grizzly.strategies.AbstractIOStrategy.fireIOEvent(AbstractIOStrategy.java:112)
	at org.mule.module.http.internal.listener.grizzly.ExecutorPerServerAddressIOStrategy.run0(ExecutorPerServerAddressIOStrategy.java:102)
	at org.mule.module.http.internal.listener.grizzly.ExecutorPerServerAddressIOStrategy.access$100(ExecutorPerServerAddressIOStrategy.java:30)
	at org.mule.module.http.internal.listener.grizzly.ExecutorPerServerAddressIOStrategy$WorkerThreadRunnable.run(ExecutorPerServerAddressIOStrategy.java:125)
	at java.util.concurrent.ThreadPoolExecutor.runWorker(ThreadPoolExecutor.java:1142)
	at java.util.concurrent.ThreadPoolExecutor$Worker.run(ThreadPoolExecutor.java:617)
	at java.lang.Thread.run(Thread.java:745)

********************************************************************************

2017-04-20 15:13:34,810 [Mule.app.deployer.monitor.1.thread.1] INFO  org.mule.module.launcher.application.DefaultMuleApplication - 
++++++++++++++++++++++++++++++++++++++++++++++++++++++++++++
+ Stopping app 'ex5.1_consume_restful_web_service'         +
++++++++++++++++++++++++++++++++++++++++++++++++++++++++++++
2017-04-20 15:13:34,812 [Mule.app.deployer.monitor.1.thread.1] INFO  org.mule.construct.FlowConstructLifecycleManager - Stopping flow: ex5.1_consume_restful_web_serviceFlow
2017-04-20 15:13:34,814 [Mule.app.deployer.monitor.1.thread.1] INFO  org.mule.processor.SedaStageLifecycleManager - Stopping service: ex5.1_consume_restful_web_serviceFlow.stage1
2017-04-20 15:13:34,909 [Mule.app.deployer.monitor.1.thread.1] INFO  org.mule.lifecycle.AbstractLifecycleManager - Stopping model: _muleSystemModel
2017-04-20 15:13:34,946 [Mule.app.deployer.monitor.1.thread.1] INFO  org.mule.module.http.internal.listener.DefaultHttpListenerConfig - Stopped listener on http://0.0.0.0:8088
2017-04-20 15:13:34,949 [Mule.app.deployer.monitor.1.thread.1] INFO  org.mule.util.queue.QueueXaResourceManager - Stopping ResourceManager
2017-04-20 15:13:34,950 [Mule.app.deployer.monitor.1.thread.1] INFO  org.mule.util.queue.QueueXaResourceManager - Stopped ResourceManager
2017-04-20 15:13:34,962 [Mule.app.deployer.monitor.1.thread.1] INFO  org.mule.module.launcher.application.DefaultMuleApplication - 
++++++++++++++++++++++++++++++++++++++++++++++++++++++++++++
+ Disposing app 'ex5.1_consume_restful_web_service'        +
++++++++++++++++++++++++++++++++++++++++++++++++++++++++++++
2017-04-20 15:13:34,966 [Mule.app.deployer.monitor.1.thread.1] INFO  org.mule.lifecycle.AbstractLifecycleManager - Disposing RegistryBroker
2017-04-20 15:13:34,968 [Mule.app.deployer.monitor.1.thread.1] INFO  org.mule.construct.FlowConstructLifecycleManager - Disposing flow: ex5.1_consume_restful_web_serviceFlow
2017-04-20 15:13:34,972 [Mule.app.deployer.monitor.1.thread.1] INFO  org.mule.processor.SedaStageLifecycleManager - Disposing service: ex5.1_consume_restful_web_serviceFlow.stage1
2017-04-20 15:13:34,977 [Mule.app.deployer.monitor.1.thread.1] INFO  org.mule.lifecycle.AbstractLifecycleManager - Disposing model: _muleSystemModel
2017-04-20 15:13:35,180 [Mule.app.deployer.monitor.1.thread.1] INFO  org.mule.config.spring.MuleArtifactContext - Closing org.mule.config.spring.MuleArtifactContext@4f936da8: startup date [Thu Apr 20 15:10:31 CST 2017]; root of context hierarchy
2017-04-20 15:13:35,234 [Mule.app.deployer.monitor.1.thread.1] INFO  org.mule.DefaultMuleContext - 
**********************************************************************
* Application "ex5.1_consume_restful_web_service" shut down          *
* normally on: 4/20/17 3:13 PM                                       *
* Up for: 0 days, 0 hours, 2 mins, 55.944 sec                        *
**********************************************************************
2017-04-20 15:13:35,433 [Mule.app.deployer.monitor.1.thread.1] INFO  org.mule.module.launcher.application.DefaultMuleApplication - 
++++++++++++++++++++++++++++++++++++++++++++++++++++++++++++
+ Initializing app 'ex5.1_consume_restful_web_service'     +
++++++++++++++++++++++++++++++++++++++++++++++++++++++++++++
2017-04-20 15:13:35,443 [Mule.app.deployer.monitor.1.thread.1] WARN  com.mulesoft.module.client.APIPlatformClientCoreExtension - Client ID or Client Secret were not provided. API Manager client is DISABLED for app ex5.1_consume_restful_web_service
2017-04-20 15:13:35,448 [Mule.app.deployer.monitor.1.thread.1] INFO  org.mule.lifecycle.AbstractLifecycleManager - Initialising RegistryBroker
2017-04-20 15:13:35,454 [Mule.app.deployer.monitor.1.thread.1] INFO  org.mule.module.extension.internal.manager.DefaultExtensionManager - Starting discovery of extensions
2017-04-20 15:13:35,481 [Mule.app.deployer.monitor.1.thread.1] INFO  org.mule.module.extension.internal.manager.DefaultExtensionManager - Discovered 1 extensions
2017-04-20 15:13:35,481 [Mule.app.deployer.monitor.1.thread.1] INFO  org.mule.module.extension.internal.manager.DefaultExtensionManager - Registering extension validation (version 3.8)
2017-04-20 15:13:35,494 [Mule.app.deployer.monitor.1.thread.1] INFO  org.mule.config.spring.MuleArtifactContext - Refreshing org.mule.config.spring.MuleArtifactContext@5b909af0: startup date [Thu Apr 20 15:13:35 CST 2017]; root of context hierarchy
2017-04-20 15:13:36,029 [Mule.app.deployer.monitor.1.thread.1] INFO  org.mule.config.spring.processors.NoDevkitInjectorProcessor - JSR-330 'javax.inject.Inject' annotation found and supported for autowiring
2017-04-20 15:13:36,351 [Mule.app.deployer.monitor.1.thread.1] INFO  org.mule.lifecycle.AbstractLifecycleManager - Initialising model: _muleSystemModel
2017-04-20 15:13:36,352 [Mule.app.deployer.monitor.1.thread.1] INFO  org.mule.construct.FlowConstructLifecycleManager - Initialising flow: ex5.1_consume_restful_web_serviceFlow
2017-04-20 15:13:36,352 [Mule.app.deployer.monitor.1.thread.1] INFO  org.mule.exception.DefaultMessagingExceptionStrategy - Initialising exception listener: org.mule.exception.DefaultMessagingExceptionStrategy@220356d0
2017-04-20 15:13:36,358 [Mule.app.deployer.monitor.1.thread.1] INFO  org.mule.processor.SedaStageLifecycleManager - Initialising service: ex5.1_consume_restful_web_serviceFlow.stage1
2017-04-20 15:13:36,362 [Mule.app.deployer.monitor.1.thread.1] INFO  org.mule.util.journal.TransactionJournal - Using files for tx logs C:\Users\pdcwsx\AnypointStudio\workspace\.mule\.\.mule\ex5.1_consume_restful_web_service\queue-tx-log\tx1.log and C:\Users\pdcwsx\AnypointStudio\workspace\.mule\.\.mule\ex5.1_consume_restful_web_service\queue-tx-log\tx2.log
2017-04-20 15:13:36,367 [Mule.app.deployer.monitor.1.thread.1] INFO  org.mule.util.journal.TransactionJournal - Using files for tx logs C:\Users\pdcwsx\AnypointStudio\workspace\.mule\.\.mule\ex5.1_consume_restful_web_service\queue-xa-tx-log\tx1.log and C:\Users\pdcwsx\AnypointStudio\workspace\.mule\.\.mule\ex5.1_consume_restful_web_service\queue-xa-tx-log\tx2.log
2017-04-20 15:13:36,442 [Mule.app.deployer.monitor.1.thread.1] INFO  org.mule.config.spring.SpringXmlConfigurationBuilder - Configured Mule using "org.mule.config.spring.SpringXmlConfigurationBuilder" with configuration resource(s): "[ConfigResource{resourceName='C:\Users\pdcwsx\AnypointStudio\workspace\.mule\apps\ex5.1_consume_restful_web_service\ex5.1_consume_restful_web_service.xml'}]"
2017-04-20 15:13:36,442 [Mule.app.deployer.monitor.1.thread.1] INFO  org.mule.config.builders.AutoConfigurationBuilder - Configured Mule using "org.mule.config.builders.AutoConfigurationBuilder" with configuration resource(s): "[ConfigResource{resourceName='C:\Users\pdcwsx\AnypointStudio\workspace\.mule\apps\ex5.1_consume_restful_web_service\ex5.1_consume_restful_web_service.xml'}]"
2017-04-20 15:13:39,460 [Mule.app.deployer.monitor.1.thread.1] INFO  org.mule.module.launcher.application.DefaultMuleApplication - 
++++++++++++++++++++++++++++++++++++++++++++++++++++++++++++
+ Starting app 'ex5.1_consume_restful_web_service'         +
++++++++++++++++++++++++++++++++++++++++++++++++++++++++++++
2017-04-20 15:13:39,461 [Mule.app.deployer.monitor.1.thread.1] INFO  org.mule.util.queue.QueueXaResourceManager - Starting ResourceManager
2017-04-20 15:13:39,461 [Mule.app.deployer.monitor.1.thread.1] INFO  org.mule.util.queue.QueueXaResourceManager - Started ResourceManager
2017-04-20 15:13:39,499 [Mule.app.deployer.monitor.1.thread.1] INFO  org.mule.module.http.internal.listener.DefaultHttpListenerConfig - Listening for requests on http://0.0.0.0:8088
2017-04-20 15:13:39,500 [Mule.app.deployer.monitor.1.thread.1] INFO  org.mule.modules.oauth2.provider.agents.DefaultSplashScreenAgent - 
++++++++++++++++++++++++++++++++++++++++++++++++++++++++++++++++++++++++++++++++
+ DevKit Extensions (0) used in this application 
                             +
++++++++++++++++++++++++++++++++++++++++++++++++++++++++++++++++++++++++++++++++
2017-04-20 15:13:39,502 [Mule.app.deployer.monitor.1.thread.1] INFO  org.mule.lifecycle.AbstractLifecycleManager - Starting model: _muleSystemModel
2017-04-20 15:13:39,503 [Mule.app.deployer.monitor.1.thread.1] INFO  org.mule.construct.FlowConstructLifecycleManager - Starting flow: ex5.1_consume_restful_web_serviceFlow
2017-04-20 15:13:39,503 [Mule.app.deployer.monitor.1.thread.1] INFO  org.mule.processor.SedaStageLifecycleManager - Starting service: ex5.1_consume_restful_web_serviceFlow.stage1
2017-04-20 15:13:39,513 [Mule.app.deployer.monitor.1.thread.1] INFO  org.mule.module.management.agent.WrapperManagerAgent - This JVM hasn't been launched by the wrapper, the agent will not run.
2017-04-20 15:13:39,517 [Mule.app.deployer.monitor.1.thread.1] INFO  org.mule.DefaultMuleContext - 
**********************************************************************
* Application: ex5.1_consume_restful_web_service                     *
* OS encoding: \, Mule encoding: UTF-8                               *
*                                                                    *
* Agents Running:                                                    *
*   DevKit Extension Information                                     *
*   Batch module default engine                                      *
*   JMX Agent                                                        *
*   Wrapper Manager                                                  *
**********************************************************************
2017-04-20 15:13:44,530 [Mule.app.deployer.monitor.1.thread.1] INFO  org.mule.module.launcher.application.DefaultMuleApplication - 
++++++++++++++++++++++++++++++++++++++++++++++++++++++++++++
+ Stopping app 'ex5.1_consume_restful_web_service'         +
++++++++++++++++++++++++++++++++++++++++++++++++++++++++++++
2017-04-20 15:13:44,530 [Mule.app.deployer.monitor.1.thread.1] INFO  org.mule.construct.FlowConstructLifecycleManager - Stopping flow: ex5.1_consume_restful_web_serviceFlow
2017-04-20 15:13:44,530 [Mule.app.deployer.monitor.1.thread.1] INFO  org.mule.processor.SedaStageLifecycleManager - Stopping service: ex5.1_consume_restful_web_serviceFlow.stage1
2017-04-20 15:13:44,710 [Mule.app.deployer.monitor.1.thread.1] INFO  org.mule.lifecycle.AbstractLifecycleManager - Stopping model: _muleSystemModel
2017-04-20 15:13:44,712 [Mule.app.deployer.monitor.1.thread.1] INFO  org.mule.module.http.internal.listener.DefaultHttpListenerConfig - Stopped listener on http://0.0.0.0:8088
2017-04-20 15:13:44,713 [Mule.app.deployer.monitor.1.thread.1] INFO  org.mule.util.queue.QueueXaResourceManager - Stopping ResourceManager
2017-04-20 15:13:44,713 [Mule.app.deployer.monitor.1.thread.1] INFO  org.mule.util.queue.QueueXaResourceManager - Stopped ResourceManager
2017-04-20 15:13:44,718 [Mule.app.deployer.monitor.1.thread.1] INFO  org.mule.module.launcher.application.DefaultMuleApplication - 
++++++++++++++++++++++++++++++++++++++++++++++++++++++++++++
+ Disposing app 'ex5.1_consume_restful_web_service'        +
++++++++++++++++++++++++++++++++++++++++++++++++++++++++++++
2017-04-20 15:13:44,718 [Mule.app.deployer.monitor.1.thread.1] INFO  org.mule.lifecycle.AbstractLifecycleManager - Disposing RegistryBroker
2017-04-20 15:13:44,719 [Mule.app.deployer.monitor.1.thread.1] INFO  org.mule.construct.FlowConstructLifecycleManager - Disposing flow: ex5.1_consume_restful_web_serviceFlow
2017-04-20 15:13:44,719 [Mule.app.deployer.monitor.1.thread.1] INFO  org.mule.processor.SedaStageLifecycleManager - Disposing service: ex5.1_consume_restful_web_serviceFlow.stage1
2017-04-20 15:13:44,720 [Mule.app.deployer.monitor.1.thread.1] INFO  org.mule.lifecycle.AbstractLifecycleManager - Disposing model: _muleSystemModel
2017-04-20 15:13:44,746 [Mule.app.deployer.monitor.1.thread.1] INFO  org.mule.config.spring.MuleArtifactContext - Closing org.mule.config.spring.MuleArtifactContext@5b909af0: startup date [Thu Apr 20 15:13:35 CST 2017]; root of context hierarchy
2017-04-20 15:13:44,774 [Mule.app.deployer.monitor.1.thread.1] INFO  org.mule.DefaultMuleContext - 
**********************************************************************
* Application "ex5.1_consume_restful_web_service" shut down          *
* normally on: 4/20/17 3:13 PM                                       *
* Up for: 0 days, 0 hours, 0 mins, 5.314 sec                         *
**********************************************************************
2017-04-20 15:13:44,873 [Mule.app.deployer.monitor.1.thread.1] INFO  org.mule.module.launcher.application.DefaultMuleApplication - 
++++++++++++++++++++++++++++++++++++++++++++++++++++++++++++
+ Initializing app 'ex5.1_consume_restful_web_service'     +
++++++++++++++++++++++++++++++++++++++++++++++++++++++++++++
2017-04-20 15:13:44,886 [Mule.app.deployer.monitor.1.thread.1] WARN  com.mulesoft.module.client.APIPlatformClientCoreExtension - Client ID or Client Secret were not provided. API Manager client is DISABLED for app ex5.1_consume_restful_web_service
2017-04-20 15:13:44,886 [Mule.app.deployer.monitor.1.thread.1] WARN  com.mulesoft.module.client.APIPlatformClientCoreExtension - Client ID or Client Secret were not provided. API Manager client is DISABLED for app ex5.1_consume_restful_web_service
2017-04-20 15:13:44,892 [Mule.app.deployer.monitor.1.thread.1] INFO  org.mule.lifecycle.AbstractLifecycleManager - Initialising RegistryBroker
2017-04-20 15:13:44,898 [Mule.app.deployer.monitor.1.thread.1] INFO  org.mule.module.extension.internal.manager.DefaultExtensionManager - Starting discovery of extensions
2017-04-20 15:13:44,915 [Mule.app.deployer.monitor.1.thread.1] INFO  org.mule.module.extension.internal.manager.DefaultExtensionManager - Discovered 1 extensions
2017-04-20 15:13:44,915 [Mule.app.deployer.monitor.1.thread.1] INFO  org.mule.module.extension.internal.manager.DefaultExtensionManager - Registering extension validation (version 3.8)
2017-04-20 15:13:44,927 [Mule.app.deployer.monitor.1.thread.1] INFO  org.mule.config.spring.MuleArtifactContext - Refreshing org.mule.config.spring.MuleArtifactContext@6411fe2a: startup date [Thu Apr 20 15:13:44 CST 2017]; root of context hierarchy
2017-04-20 15:13:45,298 [Mule.app.deployer.monitor.1.thread.1] INFO  org.mule.config.spring.processors.NoDevkitInjectorProcessor - JSR-330 'javax.inject.Inject' annotation found and supported for autowiring
2017-04-20 15:13:45,486 [Mule.app.deployer.monitor.1.thread.1] INFO  org.mule.lifecycle.AbstractLifecycleManager - Initialising model: _muleSystemModel
2017-04-20 15:13:45,488 [Mule.app.deployer.monitor.1.thread.1] INFO  org.mule.construct.FlowConstructLifecycleManager - Initialising flow: ex5.1_consume_restful_web_serviceFlow
2017-04-20 15:13:45,488 [Mule.app.deployer.monitor.1.thread.1] INFO  org.mule.exception.DefaultMessagingExceptionStrategy - Initialising exception listener: org.mule.exception.DefaultMessagingExceptionStrategy@2045fc1c
2017-04-20 15:13:45,495 [Mule.app.deployer.monitor.1.thread.1] INFO  org.mule.processor.SedaStageLifecycleManager - Initialising service: ex5.1_consume_restful_web_serviceFlow.stage1
2017-04-20 15:13:45,498 [Mule.app.deployer.monitor.1.thread.1] INFO  org.mule.util.journal.TransactionJournal - Using files for tx logs C:\Users\pdcwsx\AnypointStudio\workspace\.mule\.\.mule\ex5.1_consume_restful_web_service\queue-tx-log\tx1.log and C:\Users\pdcwsx\AnypointStudio\workspace\.mule\.\.mule\ex5.1_consume_restful_web_service\queue-tx-log\tx2.log
2017-04-20 15:13:45,505 [Mule.app.deployer.monitor.1.thread.1] INFO  org.mule.util.journal.TransactionJournal - Using files for tx logs C:\Users\pdcwsx\AnypointStudio\workspace\.mule\.\.mule\ex5.1_consume_restful_web_service\queue-xa-tx-log\tx1.log and C:\Users\pdcwsx\AnypointStudio\workspace\.mule\.\.mule\ex5.1_consume_restful_web_service\queue-xa-tx-log\tx2.log
2017-04-20 15:13:45,584 [Mule.app.deployer.monitor.1.thread.1] INFO  org.mule.config.spring.SpringXmlConfigurationBuilder - Configured Mule using "org.mule.config.spring.SpringXmlConfigurationBuilder" with configuration resource(s): "[ConfigResource{resourceName='C:\Users\pdcwsx\AnypointStudio\workspace\.mule\apps\ex5.1_consume_restful_web_service\ex5.1_consume_restful_web_service.xml'}]"
2017-04-20 15:13:45,585 [Mule.app.deployer.monitor.1.thread.1] INFO  org.mule.config.builders.AutoConfigurationBuilder - Configured Mule using "org.mule.config.builders.AutoConfigurationBuilder" with configuration resource(s): "[ConfigResource{resourceName='C:\Users\pdcwsx\AnypointStudio\workspace\.mule\apps\ex5.1_consume_restful_web_service\ex5.1_consume_restful_web_service.xml'}]"
2017-04-20 15:13:48,590 [Mule.app.deployer.monitor.1.thread.1] INFO  org.mule.module.launcher.application.DefaultMuleApplication - 
++++++++++++++++++++++++++++++++++++++++++++++++++++++++++++
+ Starting app 'ex5.1_consume_restful_web_service'         +
++++++++++++++++++++++++++++++++++++++++++++++++++++++++++++
2017-04-20 15:13:48,591 [Mule.app.deployer.monitor.1.thread.1] INFO  org.mule.util.queue.QueueXaResourceManager - Starting ResourceManager
2017-04-20 15:13:48,591 [Mule.app.deployer.monitor.1.thread.1] INFO  org.mule.util.queue.QueueXaResourceManager - Started ResourceManager
2017-04-20 15:13:48,625 [Mule.app.deployer.monitor.1.thread.1] INFO  org.mule.module.http.internal.listener.DefaultHttpListenerConfig - Listening for requests on http://0.0.0.0:8088
2017-04-20 15:13:48,626 [Mule.app.deployer.monitor.1.thread.1] INFO  org.mule.modules.oauth2.provider.agents.DefaultSplashScreenAgent - 
++++++++++++++++++++++++++++++++++++++++++++++++++++++++++++++++++++++++++++++++
+ DevKit Extensions (0) used in this application 
                             +
++++++++++++++++++++++++++++++++++++++++++++++++++++++++++++++++++++++++++++++++
2017-04-20 15:13:48,628 [Mule.app.deployer.monitor.1.thread.1] INFO  org.mule.lifecycle.AbstractLifecycleManager - Starting model: _muleSystemModel
2017-04-20 15:13:48,629 [Mule.app.deployer.monitor.1.thread.1] INFO  org.mule.construct.FlowConstructLifecycleManager - Starting flow: ex5.1_consume_restful_web_serviceFlow
2017-04-20 15:13:48,629 [Mule.app.deployer.monitor.1.thread.1] INFO  org.mule.processor.SedaStageLifecycleManager - Starting service: ex5.1_consume_restful_web_serviceFlow.stage1
2017-04-20 15:13:48,639 [Mule.app.deployer.monitor.1.thread.1] INFO  org.mule.module.management.agent.WrapperManagerAgent - This JVM hasn't been launched by the wrapper, the agent will not run.
2017-04-20 15:13:48,641 [Mule.app.deployer.monitor.1.thread.1] INFO  org.mule.DefaultMuleContext - 
**********************************************************************
* Application: ex5.1_consume_restful_web_service                     *
* OS encoding: \, Mule encoding: UTF-8                               *
*                                                                    *
* Agents Running:                                                    *
*   DevKit Extension Information                                     *
*   Batch module default engine                                      *
*   JMX Agent                                                        *
*   Wrapper Manager                                                  *
**********************************************************************
2017-04-20 15:14:09,742 [[ex5.1_consume_restful_web_service].HTTP_Listener_Configuration.worker.01] INFO  org.mule.api.processor.LoggerMessageProcessor - 
org.mule.DefaultMuleMessage
{
  id=f2c7da50-2598-11e7-aa76-561920524153
  payload=org.glassfish.grizzly.utils.BufferInputStream
  correlationId=<not set>
  correlationGroup=-1
  correlationSeq=-1
  encoding=GBK
  exceptionPayload=<not set>

Message properties:
  INVOCATION scoped properties:
    requestName=You
  INBOUND scoped properties:
    content-type=text/plain
    date=Thu, 20 Apr 2017 07:14:09 GMT
    http.reason=OK
    http.status=200
    transfer-encoding=chunked
  OUTBOUND scoped properties:
  SESSION scoped properties:
}
